 
****************************************
Report : area
Design : top
Version: R-2020.09
Date   : Tue Jun  7 21:15:53 2022
****************************************

Library(s) Used:

    typical (File: /usr/cad/synopsys/CBDK_TSMC90GUTM_Arm_f1.0/CIC/SynopsysDC/db/typical.db)
    SRAM_SP_2048 (File: /home/ldap-users/ryanhuang/Desktop/FFT_Implement_test_0530_2/mem/SRAM_SP_2048.db)

Number of ports:                        52313
Number of nets:                        362722
Number of cells:                       273211
Number of combinational cells:         259749
Number of sequential cells:             13280
Number of macros/black boxes:             122
Number of buf/inv:                      24804
Number of references:                     312

Combinational area:            1657338.695554
Buf/Inv area:                    97625.406446
Noncombinational area:          209983.739979
Macro/Black Box area:         26520834.656250
Net Interconnect area:        39375055.376648

Total cell area:              28388157.091783
Total area:                   67763212.468431

Hierarchical area distribution
------------------------------

                                  Global cell area                    Local cell area
                                  ----------------------  ---------------------------------------- 
Hierarchical cell                 Absolute       Percent  Combi-        Noncombi-    Black-
                                  Total          Total    national      national     boxes          Design
--------------------------------  -------------  -------  ------------  -----------  -------------  -------------
top                               28388157.0918    100.0  1202416.4914  192891.2855         0.0000  top
PING_PONG_MEM_GROUP_0             13478125.9799     47.5   121541.0145    7926.7104  13260417.3281  mem_wrapper_1
PING_PONG_MEM_GROUP_0/gg_0__mux_out
                                      9781.0274      0.0     9781.0274       0.0000         0.0000  Mux_64_1_17
PING_PONG_MEM_GROUP_0/gg_1__mux_out
                                      9767.6210      0.0     9767.6210       0.0000         0.0000  Mux_64_1_16
PING_PONG_MEM_GROUP_0/gg_2__mux_out
                                      9781.0274      0.0     9781.0274       0.0000         0.0000  Mux_64_1_15
PING_PONG_MEM_GROUP_0/gg_3__mux_out
                                      9777.4994      0.0     9777.4994       0.0000         0.0000  Mux_64_1_14
PING_PONG_MEM_GROUP_0/gg_4__mux_out
                                      9795.1394      0.0     9795.1394       0.0000         0.0000  Mux_64_1_13
PING_PONG_MEM_GROUP_0/gg_5__mux_out
                                      9858.6434      0.0     9858.6434       0.0000         0.0000  Mux_64_1_12
PING_PONG_MEM_GROUP_0/gg_6__mux_out
                                      9771.1490      0.0     9771.1490       0.0000         0.0000  Mux_64_1_11
PING_PONG_MEM_GROUP_0/gg_7__mux_out
                                      9920.7362      0.0     9920.7362       0.0000         0.0000  Mux_64_1_10
PING_PONG_MEM_GROUP_0/mux_out         9788.0834      0.0     9788.0834       0.0000         0.0000  Mux_64_1_9
PING_PONG_MEM_GROUP_1             13457024.3056     47.4   121291.9374    6186.7008  13260417.3281  mem_wrapper_0
PING_PONG_MEM_GROUP_1/gg_0__mux_out
                                      9964.4834      0.0     9964.4834       0.0000         0.0000  Mux_64_1_8
PING_PONG_MEM_GROUP_1/gg_1__mux_out
                                      9816.3074      0.0     9816.3074       0.0000         0.0000  Mux_64_1_7
PING_PONG_MEM_GROUP_1/gg_2__mux_out
                                      9883.3394      0.0     9883.3394       0.0000         0.0000  Mux_64_1_6
PING_PONG_MEM_GROUP_1/gg_3__mux_out
                                      9804.3122      0.0     9804.3122       0.0000         0.0000  Mux_64_1_5
PING_PONG_MEM_GROUP_1/gg_4__mux_out
                                      9803.6066      0.0     9803.6066       0.0000         0.0000  Mux_64_1_4
PING_PONG_MEM_GROUP_1/gg_5__mux_out
                                     10043.5106      0.0    10043.5106       0.0000         0.0000  Mux_64_1_3
PING_PONG_MEM_GROUP_1/mux_out         9812.7794      0.0     9812.7794       0.0000         0.0000  Mux_64_1_0
REGISTERS                            26630.7556      0.1    26555.9620      74.7936         0.0000  Registers
agu_integrate                        31068.2739      0.1    28164.0243    2904.2496         0.0000  AGU_INTEGRATE
--------------------------------  -------------  -------  ------------  -----------  -------------  -------------
Total                                                     1657338.6956  209983.7400  26520834.6562

1
