 
****************************************
Report : area
Design : top
Version: R-2020.09
Date   : Tue Jun  7 21:15:26 2022
****************************************

Library(s) Used:

    typical (File: /usr/cad/synopsys/CBDK_TSMC90GUTM_Arm_f1.0/CIC/SynopsysDC/db/typical.db)
    SRAM_SP_2048 (File: /home/ldap-users/ryanhuang/Desktop/FFT_Implement_test_0530_2/mem/SRAM_SP_2048.db)

Number of ports:                        52313
Number of nets:                        362722
Number of cells:                       273211
Number of combinational cells:         259749
Number of sequential cells:             13280
Number of macros/black boxes:             122
Number of buf/inv:                      24804
Number of references:                     312

Combinational area:            1657338.695554
Buf/Inv area:                    97625.406446
Noncombinational area:          209983.739979
Macro/Black Box area:         26520834.656250
Net Interconnect area:        39375055.376648

Total cell area:              28388157.091783
Total area:                   67763212.468431
1
