Information: Propagating switching activity (low effort zero delay simulation). (PWR-6)
Warning: Design has unannotated primary inputs. (PWR-414)
Warning: Design has unannotated sequential cell outputs. (PWR-415)
Warning: Design has unannotated black box outputs. (PWR-428)
 
****************************************
Report : power
        -analysis_effort low
Design : top
Version: R-2020.09
Date   : Tue Jun  7 21:15:51 2022
****************************************


Library(s) Used:

    typical (File: /usr/cad/synopsys/CBDK_TSMC90GUTM_Arm_f1.0/CIC/SynopsysDC/db/typical.db)
    SRAM_SP_2048 (File: /home/ldap-users/ryanhuang/Desktop/FFT_Implement_test_0530_2/mem/SRAM_SP_2048.db)


Operating Conditions: typical   Library: typical
Wire Load Model Mode: segmented

Design        Wire Load Model            Library
------------------------------------------------
top                    tsmc090_wl10      typical


Global Operating Voltage = 1    
Power-specific unit information :
    Voltage Units = 1V
    Capacitance Units = 1.000000pf
    Time Units = 1ns
    Dynamic Power Units = 1mW    (derived from V,C,T units)
    Leakage Power Units = 1pW


  Cell Internal Power  = 141.2211 mW   (67%)
  Net Switching Power  =  70.6758 mW   (33%)
                         ---------
Total Dynamic Power    = 211.8969 mW  (100%)

Cell Leakage Power     =  36.6646 mW


                 Internal         Switching           Leakage            Total
Power Group      Power            Power               Power              Power   (   %    )  Attrs
--------------------------------------------------------------------------------------------------
io_pad             0.0000            0.0000            0.0000            0.0000  (   0.00%)
memory            68.6883           14.7873        3.3184e+10          116.6596  (  46.94%)
black_box          0.0000            0.0000            0.0000            0.0000  (   0.00%)
clock_network      0.0000            0.0000            0.0000            0.0000  (   0.00%)
register          53.0172            2.7755        2.0158e+08           55.9946  (  22.53%)
sequential         0.0000            0.0000            0.0000            0.0000  (   0.00%)
combinational     19.5121           53.1062        3.2790e+09           75.8962  (  30.54%)
--------------------------------------------------------------------------------------------------
Total            141.2176 mW        70.6690 mW     3.6665e+10 pW       248.5505 mW
1
